<?xml version="1.0" encoding="UTF-8"?>
<!-- Generated by org.testng.reporters.JUnitXMLReporter -->
<testsuite hostname="DESKTOP-93BHBJ4" ignored="0" name="Smoke1" tests="3" failures="0" timestamp="2021-11-26T23:12:30 PST" time="7.04" errors="0">
  <testcase name="TC1" time="0.077" classname="apitesting.testcases.LoginAPI"/>
  <testcase name="TC6" time="0.002" classname="apitesting.testcases.AddDataAPI"/>
  <testcase name="TC11" time="0.004" classname="apitesting.testcases.GetDataAPI"/>
</testsuite> <!-- Smoke1 -->
